2025-03-22 12:28:11 CRITICAL System crash detected
2025-03-22 12:31:06 INFO File uploaded
2025-03-22 12:35:54 DEBUG Cache cleared
2025-03-22 12:37:47 DEBUG Loading configuration
2025-03-22 12:39:39 DEBUG Parsing data
2025-03-22 12:40:26 DEBUG Checking network status
2025-03-22 12:40:40 DEBUG Loading configuration
2025-03-22 12:40:57 DEBUG Parsing data
2025-03-22 12:44:38 INFO Task completed
2025-03-22 12:44:45 ERROR File not found
2025-03-22 12:46:33 ERROR File not found
2025-03-22 12:48:50 ERROR Database connection failed
2025-03-22 12:53:36 ERROR Database connection failed
2025-03-22 12:54:13 INFO Connection established
2025-03-22 12:54:54 INFO Task completed
2025-03-22 12:55:18 DEBUG Processing request
2025-03-22 13:00:14 DEBUG Checking network status
2025-03-22 13:01:43 INFO File uploaded
2025-03-22 13:05:21 DEBUG Checking network status
2025-03-22 13:06:51 CRITICAL Kernel panic
2025-03-22 13:11:37 DEBUG Parsing data
2025-03-22 13:14:56 WARNING Memory usage high
2025-03-22 13:15:21 DEBUG Loading configuration
2025-03-22 13:19:05 WARNING High CPU usage
2025-03-22 13:22:29 ERROR Timeout occurred
2025-03-22 13:27:05 INFO File uploaded
2025-03-22 13:30:19 ERROR Database connection failed
2025-03-22 13:30:34 ERROR Timeout occurred
2025-03-22 13:31:40 ERROR Failed to authenticate user
2025-03-22 13:36:11 WARNING Low disk space
2025-03-22 13:41:08 INFO System started
2025-03-22 13:41:09 CRITICAL Kernel panic
2025-03-22 13:43:45 ERROR Timeout occurred
2025-03-22 13:46:18 CRITICAL Security breach detected
2025-03-22 13:48:25 ERROR Failed to authenticate user
2025-03-22 13:50:43 CRITICAL Security breach detected
2025-03-22 13:54:42 DEBUG Loading configuration
2025-03-22 13:57:44 WARNING Slow response time
2025-03-22 13:59:29 WARNING High CPU usage
2025-03-22 14:02:19 WARNING Slow response time
2025-03-22 14:03:09 WARNING Memory usage high
2025-03-22 14:03:43 CRITICAL Kernel panic
2025-03-22 14:05:52 WARNING Disk read latency detected
2025-03-22 14:10:44 DEBUG Cache cleared
2025-03-22 14:11:41 ERROR Memory leak detected
2025-03-22 14:12:40 WARNING High CPU usage
2025-03-22 14:17:30 INFO User logged in
2025-03-22 14:18:32 ERROR Timeout occurred
2025-03-22 14:19:43 ERROR Failed to authenticate user
2025-03-22 14:23:50 INFO Connection established
2025-03-22 14:26:49 INFO File uploaded
2025-03-22 14:28:25 CRITICAL Kernel panic
2025-03-22 14:32:24 ERROR Database connection failed
2025-03-22 14:33:22 ERROR Timeout occurred
2025-03-22 14:34:05 DEBUG Loading configuration
2025-03-22 14:35:16 ERROR Memory leak detected
2025-03-22 14:38:18 WARNING Disk read latency detected
2025-03-22 14:39:19 CRITICAL Security breach detected
2025-03-22 14:42:39 WARNING Slow response time
2025-03-22 14:43:35 INFO System started
2025-03-22 14:44:30 INFO Connection established
2025-03-22 14:48:29 ERROR Failed to authenticate user
2025-03-22 14:48:45 CRITICAL Security breach detected
2025-03-22 14:51:58 INFO Connection established
2025-03-22 14:56:32 CRITICAL Hardware failure
2025-03-22 15:00:27 DEBUG Loading configuration
2025-03-22 15:03:51 CRITICAL Data corruption occurred
2025-03-22 15:07:02 ERROR Database connection failed
2025-03-22 15:08:52 CRITICAL System crash detected
2025-03-22 15:09:06 WARNING Memory usage high
2025-03-22 15:13:17 INFO File uploaded
2025-03-22 15:14:38 DEBUG Cache cleared
2025-03-22 15:15:22 INFO User logged in
2025-03-22 15:20:05 CRITICAL Data corruption occurred
2025-03-22 15:23:09 WARNING High CPU usage
2025-03-22 15:24:17 DEBUG Checking network status
2025-03-22 15:24:39 CRITICAL Data corruption occurred
2025-03-22 15:29:20 CRITICAL Security breach detected
2025-03-22 15:30:22 DEBUG Parsing data
2025-03-22 15:33:27 INFO Task completed
2025-03-22 15:36:27 WARNING Disk read latency detected
2025-03-22 15:38:23 WARNING Memory usage high
2025-03-22 15:38:42 WARNING Slow response time
2025-03-22 15:41:43 CRITICAL Security breach detected
2025-03-22 15:44:40 CRITICAL Security breach detected
2025-03-22 15:49:17 DEBUG Checking network status
2025-03-22 15:50:41 CRITICAL Security breach detected
2025-03-22 15:55:34 CRITICAL System crash detected
2025-03-22 15:57:07 WARNING Disk read latency detected
2025-03-22 16:00:59 WARNING Memory usage high
2025-03-22 16:01:25 CRITICAL Kernel panic
2025-03-22 16:02:59 DEBUG Checking network status
2025-03-22 16:05:09 CRITICAL System crash detected
2025-03-22 16:09:52 CRITICAL Security breach detected
2025-03-22 16:11:28 WARNING Disk read latency detected
2025-03-22 16:11:44 CRITICAL Hardware failure
2025-03-22 16:15:29 CRITICAL Hardware failure
2025-03-22 16:16:56 CRITICAL Data corruption occurred
2025-03-22 16:21:51 CRITICAL Security breach detected
2025-03-22 16:23:58 CRITICAL System crash detected
2025-03-22 16:28:12 CRITICAL Data corruption occurred
2025-03-22 16:32:07 ERROR Failed to authenticate user
2025-03-22 16:32:34 ERROR Database connection failed
2025-03-22 16:34:47 CRITICAL System crash detected
2025-03-22 16:39:17 DEBUG Checking network status
2025-03-22 16:43:41 ERROR File not found
2025-03-22 16:44:03 ERROR Failed to authenticate user
2025-03-22 16:44:24 ERROR Failed to authenticate user
2025-03-22 16:47:06 WARNING High CPU usage
2025-03-22 16:49:52 DEBUG Cache cleared
2025-03-22 16:52:05 CRITICAL Hardware failure
2025-03-22 16:56:19 WARNING Slow response time
2025-03-22 16:59:21 INFO Task completed
2025-03-22 17:01:41 WARNING Memory usage high
2025-03-22 17:03:35 WARNING Disk read latency detected
2025-03-22 17:08:09 CRITICAL Hardware failure
2025-03-22 17:12:09 INFO User logged in
2025-03-22 17:12:27 CRITICAL System crash detected
2025-03-22 17:16:21 WARNING High CPU usage
2025-03-22 17:20:02 CRITICAL Kernel panic
2025-03-22 17:20:46 CRITICAL Data corruption occurred
2025-03-22 17:20:57 INFO Connection established
2025-03-22 17:21:08 CRITICAL Hardware failure
2025-03-22 17:25:50 CRITICAL System crash detected
2025-03-22 17:30:28 WARNING Low disk space
2025-03-22 17:32:17 WARNING Disk read latency detected
2025-03-22 17:33:56 CRITICAL System crash detected
2025-03-22 17:34:51 CRITICAL System crash detected
2025-03-22 17:37:02 INFO File uploaded
2025-03-22 17:40:21 ERROR File not found
2025-03-22 17:44:56 CRITICAL System crash detected
2025-03-22 17:46:11 ERROR Database connection failed
2025-03-22 17:49:07 WARNING Low disk space
2025-03-22 17:50:30 WARNING Slow response time
2025-03-22 17:54:48 ERROR Timeout occurred
2025-03-22 17:58:21 CRITICAL Kernel panic
2025-03-22 18:03:11 CRITICAL Kernel panic
2025-03-22 18:06:33 CRITICAL Data corruption occurred
2025-03-22 18:10:25 INFO Task completed
2025-03-22 18:15:06 CRITICAL System crash detected
2025-03-22 18:20:06 ERROR Timeout occurred
2025-03-22 18:20:51 CRITICAL Hardware failure
2025-03-22 18:25:03 CRITICAL System crash detected
2025-03-22 18:25:13 INFO Connection established
2025-03-22 18:27:43 WARNING High CPU usage
2025-03-22 18:31:34 WARNING Disk read latency detected
2025-03-22 18:32:18 ERROR Database connection failed
2025-03-22 18:36:45 CRITICAL Security breach detected
2025-03-22 18:37:30 INFO System started
2025-03-22 18:42:13 CRITICAL Hardware failure
2025-03-22 18:43:34 CRITICAL Kernel panic
2025-03-22 18:44:17 DEBUG Cache cleared
2025-03-22 18:45:47 INFO System started
2025-03-22 18:47:47 INFO Connection established
2025-03-22 18:51:48 WARNING Disk read latency detected
2025-03-22 18:56:07 DEBUG Parsing data
2025-03-22 18:58:07 ERROR Timeout occurred
2025-03-22 18:59:58 CRITICAL System crash detected
2025-03-22 19:02:29 ERROR Database connection failed
2025-03-22 19:02:46 CRITICAL System crash detected
2025-03-22 19:03:25 WARNING Low disk space
2025-03-22 19:03:42 DEBUG Parsing data
2025-03-22 19:08:20 WARNING Slow response time
2025-03-22 19:10:21 WARNING Memory usage high
2025-03-22 19:14:24 DEBUG Processing request
2025-03-22 19:15:35 ERROR Memory leak detected
2025-03-22 19:19:24 ERROR Database connection failed
2025-03-22 19:21:10 INFO User logged in
2025-03-22 19:21:12 WARNING Memory usage high
2025-03-22 19:25:11 WARNING High CPU usage
2025-03-22 19:28:11 INFO File uploaded
2025-03-22 19:29:41 ERROR File not found
2025-03-22 19:33:38 ERROR Database connection failed
2025-03-22 19:34:13 INFO File uploaded
2025-03-22 19:34:22 WARNING Disk read latency detected
2025-03-22 19:38:44 WARNING Slow response time
2025-03-22 19:42:36 DEBUG Checking network status
2025-03-22 19:43:15 INFO Connection established
2025-03-22 19:45:16 WARNING Slow response time
2025-03-22 19:48:19 DEBUG Checking network status
2025-03-22 19:50:16 ERROR Timeout occurred
2025-03-22 19:54:59 CRITICAL System crash detected
2025-03-22 19:56:40 ERROR Failed to authenticate user
2025-03-22 20:00:11 ERROR File not found
2025-03-22 20:03:10 INFO System started
2025-03-22 20:04:41 DEBUG Checking network status
2025-03-22 20:05:17 CRITICAL Data corruption occurred
2025-03-22 20:09:31 WARNING Slow response time
2025-03-22 20:12:42 CRITICAL Data corruption occurred
2025-03-22 20:12:57 DEBUG Loading configuration
2025-03-22 20:17:47 WARNING Low disk space
2025-03-22 20:21:45 INFO System started
2025-03-22 20:22:34 DEBUG Checking network status
2025-03-22 20:26:35 CRITICAL System crash detected
2025-03-22 20:30:07 DEBUG Parsing data
2025-03-22 20:34:00 WARNING High CPU usage
2025-03-22 20:36:17 INFO User logged in
2025-03-22 20:38:13 CRITICAL System crash detected
2025-03-22 20:41:24 DEBUG Cache cleared
2025-03-22 20:43:06 INFO Connection established
2025-03-22 20:45:06 ERROR Memory leak detected
2025-03-22 20:47:14 WARNING Memory usage high
2025-03-22 20:48:40 WARNING Disk read latency detected
2025-03-22 20:53:20 INFO Connection established
2025-03-22 20:55:08 DEBUG Processing request
2025-03-22 20:57:08 ERROR Timeout occurred
2025-03-22 21:01:49 INFO File uploaded
2025-03-22 21:03:52 INFO System started
2025-03-22 21:05:31 DEBUG Cache cleared
2025-03-22 21:07:47 ERROR Database connection failed
2025-03-22 21:10:15 DEBUG Checking network status
2025-03-22 21:13:18 ERROR Failed to authenticate user
2025-03-22 21:17:23 CRITICAL Security breach detected
2025-03-22 21:17:28 WARNING Slow response time
2025-03-22 21:19:54 CRITICAL Hardware failure
2025-03-22 21:22:33 CRITICAL System crash detected
2025-03-22 21:27:24 CRITICAL Security breach detected
2025-03-22 21:29:50 CRITICAL Kernel panic
2025-03-22 21:32:38 WARNING Disk read latency detected
2025-03-22 21:33:47 WARNING High CPU usage
2025-03-22 21:38:41 INFO Connection established
2025-03-22 21:42:12 DEBUG Loading configuration
2025-03-22 21:44:12 WARNING Low disk space
2025-03-22 21:48:52 WARNING Slow response time
2025-03-22 21:51:11 DEBUG Loading configuration
2025-03-22 21:51:46 DEBUG Parsing data
2025-03-22 21:55:54 ERROR Failed to authenticate user
2025-03-22 21:57:47 WARNING High CPU usage
2025-03-22 22:01:37 CRITICAL System crash detected
2025-03-22 22:05:33 INFO User logged in
2025-03-22 22:10:31 WARNING Memory usage high
2025-03-22 22:13:58 ERROR File not found
2025-03-22 22:15:21 DEBUG Cache cleared
2025-03-22 22:19:21 ERROR Failed to authenticate user
2025-03-22 22:22:13 CRITICAL Hardware failure
2025-03-22 22:23:10 INFO Connection established
2025-03-22 22:26:21 ERROR Failed to authenticate user
2025-03-22 22:28:09 CRITICAL Data corruption occurred
2025-03-22 22:30:57 CRITICAL System crash detected
2025-03-22 22:35:21 DEBUG Parsing data
2025-03-22 22:37:43 ERROR Database connection failed
2025-03-22 22:41:27 DEBUG Processing request
2025-03-22 22:42:30 ERROR Timeout occurred
2025-03-22 22:47:09 WARNING Disk read latency detected
2025-03-22 22:47:24 INFO Connection established
2025-03-22 22:52:10 INFO Connection established
2025-03-22 22:53:52 DEBUG Processing request
2025-03-22 22:58:45 DEBUG Processing request
2025-03-22 23:00:53 CRITICAL Security breach detected
2025-03-22 23:01:07 INFO File uploaded
2025-03-22 23:02:31 CRITICAL Data corruption occurred
2025-03-22 23:06:08 ERROR Database connection failed
2025-03-22 23:08:14 CRITICAL Security breach detected
2025-03-22 23:11:36 WARNING Disk read latency detected
2025-03-22 23:14:04 WARNING Disk read latency detected
2025-03-22 23:14:50 INFO Connection established
2025-03-22 23:15:03 INFO System started
2025-03-22 23:19:37 DEBUG Cache cleared
2025-03-22 23:20:51 DEBUG Checking network status
2025-03-22 23:22:04 WARNING Disk read latency detected
2025-03-22 23:26:36 WARNING Low disk space
2025-03-22 23:28:50 WARNING High CPU usage
2025-03-22 23:31:56 CRITICAL Security breach detected
2025-03-22 23:34:43 ERROR File not found
2025-03-22 23:37:05 ERROR Failed to authenticate user
2025-03-22 23:39:45 ERROR Timeout occurred
2025-03-22 23:40:38 ERROR Memory leak detected
2025-03-22 23:41:05 ERROR Database connection failed
2025-03-22 23:45:18 DEBUG Loading configuration
2025-03-22 23:45:29 CRITICAL Security breach detected
2025-03-22 23:46:33 DEBUG Processing request
2025-03-22 23:46:39 WARNING Slow response time
2025-03-22 23:50:40 CRITICAL Kernel panic
2025-03-22 23:50:57 INFO User logged in
2025-03-22 23:53:02 DEBUG Processing request
2025-03-22 23:55:15 CRITICAL Security breach detected
2025-03-22 23:58:03 CRITICAL Security breach detected
2025-03-22 23:58:51 DEBUG Checking network status
2025-03-23 00:02:46 INFO Connection established
2025-03-23 00:06:00 DEBUG Loading configuration
2025-03-23 00:07:31 DEBUG Loading configuration
2025-03-23 00:11:26 INFO Task completed
2025-03-23 00:14:21 ERROR Database connection failed
2025-03-23 00:15:33 INFO Task completed
2025-03-23 00:16:31 DEBUG Processing request
2025-03-23 00:19:36 CRITICAL Security breach detected
2025-03-23 00:22:20 DEBUG Cache cleared
2025-03-23 00:23:40 WARNING Disk read latency detected
2025-03-23 00:23:42 WARNING Disk read latency detected
2025-03-23 00:27:17 INFO User logged in
2025-03-23 00:27:42 DEBUG Loading configuration
2025-03-23 00:30:55 WARNING Slow response time
2025-03-23 00:34:37 CRITICAL Hardware failure
2025-03-23 00:38:02 INFO User logged in
2025-03-23 00:40:48 CRITICAL System crash detected
2025-03-23 00:41:34 DEBUG Parsing data
2025-03-23 00:46:22 WARNING Memory usage high
2025-03-23 00:46:38 WARNING Memory usage high
2025-03-23 00:49:42 WARNING Memory usage high
2025-03-23 00:54:07 WARNING High CPU usage
2025-03-23 00:55:16 INFO User logged in
2025-03-23 00:56:19 DEBUG Loading configuration
2025-03-23 00:56:25 INFO Connection established
2025-03-23 01:00:00 WARNING Low disk space
2025-03-23 01:04:36 INFO Task completed
2025-03-23 01:07:05 ERROR Timeout occurred
2025-03-23 01:11:46 DEBUG Loading configuration
2025-03-23 01:15:42 INFO User logged in
2025-03-23 01:16:11 INFO Task completed
2025-03-23 01:18:02 INFO File uploaded
2025-03-23 01:22:29 INFO File uploaded
2025-03-23 01:26:30 CRITICAL System crash detected
2025-03-23 01:30:25 INFO System started
2025-03-23 01:32:19 ERROR Memory leak detected
2025-03-23 01:32:43 DEBUG Parsing data
2025-03-23 01:35:44 WARNING Slow response time
2025-03-23 01:38:13 DEBUG Checking network status
2025-03-23 01:38:23 CRITICAL Kernel panic
2025-03-23 01:40:43 WARNING Slow response time
2025-03-23 01:43:55 DEBUG Checking network status
2025-03-23 01:46:00 ERROR Timeout occurred
2025-03-23 01:47:14 DEBUG Processing request
2025-03-23 01:50:56 WARNING Low disk space
2025-03-23 01:54:16 CRITICAL Hardware failure
2025-03-23 01:57:42 ERROR Memory leak detected
2025-03-23 02:02:27 DEBUG Loading configuration
2025-03-23 02:03:38 ERROR File not found
2025-03-23 02:06:50 WARNING High CPU usage
2025-03-23 02:07:23 DEBUG Parsing data
2025-03-23 02:10:10 WARNING High CPU usage
2025-03-23 02:13:05 CRITICAL Hardware failure
2025-03-23 02:14:53 WARNING Slow response time
2025-03-23 02:17:10 WARNING Slow response time
2025-03-23 02:21:11 CRITICAL Kernel panic
2025-03-23 02:23:22 CRITICAL Kernel panic
2025-03-23 02:25:05 ERROR Timeout occurred
2025-03-23 02:29:35 CRITICAL Data corruption occurred
2025-03-23 02:29:54 INFO Connection established
2025-03-23 02:32:38 ERROR Memory leak detected
2025-03-23 02:34:48 DEBUG Parsing data
2025-03-23 02:37:55 WARNING Memory usage high
2025-03-23 02:40:46 ERROR Failed to authenticate user
2025-03-23 02:45:01 CRITICAL Security breach detected
2025-03-23 02:49:49 INFO User logged in
2025-03-23 02:54:48 INFO Task completed
2025-03-23 02:57:35 DEBUG Cache cleared
2025-03-23 02:58:41 WARNING Slow response time
2025-03-23 02:59:02 CRITICAL Kernel panic
2025-03-23 03:01:50 DEBUG Cache cleared
2025-03-23 03:03:40 ERROR Failed to authenticate user
2025-03-23 03:07:38 DEBUG Parsing data
2025-03-23 03:09:43 INFO File uploaded
2025-03-23 03:13:30 ERROR Database connection failed
2025-03-23 03:16:29 CRITICAL Security breach detected
2025-03-23 03:18:38 CRITICAL System crash detected
2025-03-23 03:21:52 CRITICAL Data corruption occurred
2025-03-23 03:24:29 ERROR Memory leak detected
2025-03-23 03:25:15 DEBUG Checking network status
2025-03-23 03:28:06 CRITICAL Security breach detected
2025-03-23 03:28:30 DEBUG Checking network status
2025-03-23 03:33:24 DEBUG Parsing data
2025-03-23 03:36:03 ERROR Failed to authenticate user
2025-03-23 03:37:06 DEBUG Checking network status
2025-03-23 03:39:54 DEBUG Checking network status
2025-03-23 03:44:02 CRITICAL Hardware failure
2025-03-23 03:44:38 ERROR Database connection failed
2025-03-23 03:48:59 INFO Task completed
2025-03-23 03:51:07 DEBUG Checking network status
2025-03-23 03:53:38 CRITICAL Data corruption occurred
2025-03-23 03:55:37 ERROR Memory leak detected
2025-03-23 03:56:53 INFO Task completed
2025-03-23 03:57:50 DEBUG Parsing data
2025-03-23 04:00:08 CRITICAL Data corruption occurred
2025-03-23 04:00:56 DEBUG Checking network status
2025-03-23 04:02:47 ERROR File not found
2025-03-23 04:05:25 ERROR Memory leak detected
2025-03-23 04:05:51 ERROR File not found
2025-03-23 04:07:02 INFO Connection established
2025-03-23 04:07:43 CRITICAL Kernel panic
2025-03-23 04:09:13 WARNING Disk read latency detected
2025-03-23 04:10:45 CRITICAL Hardware failure
2025-03-23 04:11:24 CRITICAL System crash detected
2025-03-23 04:15:22 INFO System started
2025-03-23 04:17:20 CRITICAL System crash detected
2025-03-23 04:20:08 INFO Connection established
2025-03-23 04:22:21 DEBUG Checking network status
2025-03-23 04:24:53 INFO Task completed
2025-03-23 04:29:22 CRITICAL Security breach detected
2025-03-23 04:30:28 WARNING Slow response time
2025-03-23 04:32:25 DEBUG Processing request
2025-03-23 04:35:58 WARNING High CPU usage
2025-03-23 04:36:23 ERROR Memory leak detected
2025-03-23 04:38:29 INFO File uploaded
2025-03-23 04:40:37 INFO User logged in
2025-03-23 04:45:01 INFO File uploaded
2025-03-23 04:45:53 ERROR Timeout occurred
2025-03-23 04:48:58 DEBUG Loading configuration
2025-03-23 04:51:24 WARNING Memory usage high
2025-03-23 04:54:55 INFO File uploaded
2025-03-23 04:55:27 CRITICAL Kernel panic
2025-03-23 04:55:40 ERROR Timeout occurred
2025-03-23 04:56:25 DEBUG Parsing data
2025-03-23 04:56:31 CRITICAL Kernel panic
2025-03-23 04:59:24 WARNING Disk read latency detected
2025-03-23 05:00:43 INFO Task completed
2025-03-23 05:04:11 INFO System started
2025-03-23 05:09:06 INFO User logged in
2025-03-23 05:12:08 INFO System started
2025-03-23 05:13:02 ERROR Failed to authenticate user
2025-03-23 05:14:36 ERROR Memory leak detected
2025-03-23 05:18:25 WARNING Slow response time
2025-03-23 05:21:50 INFO File uploaded
2025-03-23 05:24:02 ERROR Database connection failed
2025-03-23 05:26:40 WARNING High CPU usage
2025-03-23 05:27:51 INFO System started
2025-03-23 05:30:55 CRITICAL Kernel panic
2025-03-23 05:35:15 ERROR Memory leak detected
2025-03-23 05:38:43 CRITICAL System crash detected
2025-03-23 05:39:15 CRITICAL Kernel panic
2025-03-23 05:43:39 INFO Connection established
2025-03-23 05:47:32 ERROR Failed to authenticate user
2025-03-23 05:50:10 DEBUG Parsing data
2025-03-23 05:51:45 WARNING High CPU usage
2025-03-23 05:53:00 CRITICAL Hardware failure
2025-03-23 05:53:04 CRITICAL Security breach detected
2025-03-23 05:55:04 CRITICAL System crash detected
2025-03-23 05:57:22 ERROR Failed to authenticate user
2025-03-23 05:58:52 CRITICAL System crash detected
2025-03-23 06:02:51 INFO System started
2025-03-23 06:03:45 INFO System started
2025-03-23 06:03:59 INFO File uploaded
2025-03-23 06:07:42 ERROR Timeout occurred
2025-03-23 06:08:57 ERROR File not found
2025-03-23 06:12:19 ERROR Database connection failed
2025-03-23 06:17:03 ERROR Failed to authenticate user
2025-03-23 06:17:44 DEBUG Cache cleared
2025-03-23 06:19:20 ERROR Timeout occurred
2025-03-23 06:21:53 INFO File uploaded
2025-03-23 06:26:02 ERROR Timeout occurred
2025-03-23 06:27:09 INFO System started
2025-03-23 06:31:18 INFO Connection established
2025-03-23 06:35:15 ERROR File not found
2025-03-23 06:38:00 WARNING Low disk space
2025-03-23 06:38:08 WARNING Slow response time
2025-03-23 06:39:35 DEBUG Cache cleared
2025-03-23 06:44:31 INFO File uploaded
2025-03-23 06:48:31 CRITICAL Security breach detected
2025-03-23 06:52:00 DEBUG Cache cleared
2025-03-23 06:56:33 WARNING Memory usage high
2025-03-23 06:57:41 CRITICAL System crash detected
2025-03-23 07:00:59 CRITICAL Data corruption occurred
2025-03-23 07:02:41 WARNING High CPU usage
2025-03-23 07:06:48 WARNING High CPU usage
2025-03-23 07:07:27 INFO File uploaded
2025-03-23 07:11:21 INFO Connection established
2025-03-23 07:15:52 INFO Task completed
2025-03-23 07:16:18 CRITICAL Hardware failure
2025-03-23 07:18:19 DEBUG Loading configuration
2025-03-23 07:19:42 WARNING High CPU usage
2025-03-23 07:22:21 INFO System started
2025-03-23 07:23:48 INFO File uploaded
2025-03-23 07:25:51 INFO Connection established
2025-03-23 07:29:29 WARNING Slow response time
2025-03-23 07:29:43 INFO File uploaded
2025-03-23 07:29:54 DEBUG Processing request
2025-03-23 07:31:30 ERROR Database connection failed
2025-03-23 07:34:00 CRITICAL Data corruption occurred
2025-03-23 07:34:48 WARNING Slow response time
2025-03-23 07:38:09 INFO System started
2025-03-23 07:39:50 WARNING Disk read latency detected
2025-03-23 07:42:40 WARNING Memory usage high
2025-03-23 07:43:56 ERROR Memory leak detected
2025-03-23 07:48:52 ERROR Memory leak detected
2025-03-23 07:49:29 INFO Task completed
2025-03-23 07:52:02 CRITICAL Security breach detected
2025-03-23 07:54:42 CRITICAL Hardware failure
2025-03-23 07:55:10 DEBUG Parsing data
2025-03-23 07:59:24 INFO System started
2025-03-23 08:03:49 ERROR Database connection failed
2025-03-23 08:04:27 INFO User logged in
2025-03-23 08:05:30 CRITICAL Kernel panic
2025-03-23 08:06:57 WARNING High CPU usage
2025-03-23 08:08:28 WARNING Memory usage high
2025-03-23 08:11:13 CRITICAL Hardware failure
2025-03-23 08:15:59 INFO File uploaded
2025-03-23 08:18:34 INFO Connection established
2025-03-23 08:23:12 WARNING Memory usage high
2025-03-23 08:24:23 DEBUG Cache cleared
2025-03-23 08:28:21 WARNING Slow response time
2025-03-23 08:28:37 WARNING Low disk space
2025-03-23 08:31:12 WARNING High CPU usage
2025-03-23 08:32:15 CRITICAL Kernel panic
2025-03-23 08:34:51 WARNING Memory usage high
2025-03-23 08:39:03 CRITICAL Kernel panic
2025-03-23 08:39:44 DEBUG Parsing data
2025-03-23 08:42:22 ERROR File not found
2025-03-23 08:42:37 ERROR Failed to authenticate user
2025-03-23 08:47:32 ERROR Database connection failed
2025-03-23 08:50:03 INFO File uploaded
2025-03-23 08:51:45 WARNING Low disk space
2025-03-23 08:55:30 ERROR Timeout occurred
2025-03-23 08:58:18 ERROR File not found
2025-03-23 09:03:10 INFO Connection established
2025-03-23 09:08:06 ERROR Timeout occurred
2025-03-23 09:12:25 WARNING Disk read latency detected
2025-03-23 09:12:34 WARNING Low disk space
2025-03-23 09:15:19 ERROR File not found
2025-03-23 09:19:52 ERROR Memory leak detected
2025-03-23 09:22:45 ERROR File not found
2025-03-23 09:22:47 CRITICAL Security breach detected
2025-03-23 09:24:19 CRITICAL Data corruption occurred
2025-03-23 09:25:30 CRITICAL Kernel panic
2025-03-23 09:27:35 DEBUG Checking network status
2025-03-23 09:31:50 WARNING Slow response time
2025-03-23 09:35:48 WARNING Memory usage high
2025-03-23 09:36:35 INFO File uploaded
2025-03-23 09:39:42 WARNING High CPU usage
2025-03-23 09:42:05 ERROR Memory leak detected
2025-03-23 09:44:15 INFO File uploaded
2025-03-23 09:49:01 WARNING Disk read latency detected
2025-03-23 09:49:45 WARNING Slow response time
2025-03-23 09:51:32 CRITICAL Security breach detected
2025-03-23 09:55:33 WARNING Low disk space
2025-03-23 09:56:56 CRITICAL System crash detected
2025-03-23 09:59:17 ERROR Timeout occurred
2025-03-23 10:01:03 INFO User logged in
2025-03-23 10:05:39 ERROR Memory leak detected
2025-03-23 10:10:23 CRITICAL Kernel panic
2025-03-23 10:14:30 INFO Task completed
2025-03-23 10:15:41 CRITICAL System crash detected
2025-03-23 10:19:30 WARNING Low disk space
2025-03-23 10:23:19 WARNING Memory usage high
2025-03-23 10:27:00 CRITICAL Security breach detected
2025-03-23 10:31:00 ERROR Timeout occurred
2025-03-23 10:34:27 INFO User logged in
2025-03-23 10:34:59 WARNING Slow response time
2025-03-23 10:38:20 ERROR Timeout occurred
2025-03-23 10:39:33 CRITICAL Hardware failure
2025-03-23 10:42:25 ERROR Memory leak detected
2025-03-23 10:45:55 INFO User logged in
2025-03-23 10:50:36 INFO File uploaded
2025-03-23 10:53:16 INFO User logged in
2025-03-23 10:53:49 ERROR Database connection failed
2025-03-23 10:55:38 INFO Connection established
2025-03-23 10:59:32 CRITICAL System crash detected
2025-03-23 11:01:18 ERROR Timeout occurred
2025-03-23 11:01:21 WARNING Slow response time
2025-03-23 11:01:28 INFO System started
2025-03-23 11:01:50 ERROR Database connection failed
2025-03-23 11:05:51 DEBUG Parsing data
2025-03-23 11:09:09 CRITICAL Data corruption occurred
2025-03-23 11:13:58 CRITICAL System crash detected
2025-03-23 11:14:04 INFO System started
2025-03-23 11:18:25 ERROR Memory leak detected
2025-03-23 11:22:21 WARNING Disk read latency detected
2025-03-23 11:23:11 DEBUG Cache cleared
2025-03-23 11:25:51 ERROR Database connection failed
2025-03-23 11:30:13 ERROR Timeout occurred
2025-03-23 11:31:05 ERROR Database connection failed
2025-03-23 11:33:35 DEBUG Parsing data
2025-03-23 11:34:56 DEBUG Processing request
2025-03-23 11:36:33 DEBUG Processing request
2025-03-23 11:36:53 CRITICAL System crash detected
2025-03-23 11:38:30 WARNING Memory usage high
2025-03-23 11:41:39 WARNING Low disk space
2025-03-23 11:46:22 ERROR Memory leak detected
2025-03-23 11:50:02 WARNING High CPU usage
2025-03-23 11:51:17 INFO System started
2025-03-23 11:55:27 INFO File uploaded
2025-03-23 11:59:49 DEBUG Checking network status
2025-03-23 12:04:14 DEBUG Checking network status
2025-03-23 12:07:17 DEBUG Parsing data
2025-03-23 12:10:29 CRITICAL Data corruption occurred
2025-03-23 12:10:34 WARNING High CPU usage
2025-03-23 12:14:32 ERROR File not found
2025-03-23 12:19:22 ERROR Database connection failed
2025-03-23 12:23:52 ERROR Memory leak detected
2025-03-23 12:26:54 WARNING Disk read latency detected
2025-03-23 12:30:15 WARNING Disk read latency detected
2025-03-23 12:32:18 INFO Connection established
2025-03-23 12:33:28 ERROR File not found
2025-03-23 12:37:18 ERROR Timeout occurred
2025-03-23 12:39:21 WARNING Low disk space
2025-03-23 12:41:16 INFO System started
2025-03-23 12:44:51 CRITICAL Data corruption occurred
2025-03-23 12:46:07 DEBUG Loading configuration
2025-03-23 12:49:06 CRITICAL Kernel panic
2025-03-23 12:53:01 CRITICAL Data corruption occurred
2025-03-23 12:56:17 INFO System started
2025-03-23 12:56:31 DEBUG Processing request
2025-03-23 12:58:57 CRITICAL Security breach detected
2025-03-23 13:00:45 ERROR Memory leak detected
2025-03-23 13:05:30 DEBUG Processing request
2025-03-23 13:09:25 WARNING Disk read latency detected
2025-03-23 13:14:15 INFO Connection established
2025-03-23 13:19:13 INFO File uploaded
2025-03-23 13:21:41 DEBUG Parsing data
2025-03-23 13:24:15 WARNING Disk read latency detected
2025-03-23 13:28:41 DEBUG Checking network status
2025-03-23 13:29:08 INFO File uploaded
2025-03-23 13:32:06 WARNING Memory usage high
2025-03-23 13:35:28 DEBUG Cache cleared
2025-03-23 13:37:32 ERROR Database connection failed
2025-03-23 13:41:44 DEBUG Cache cleared
2025-03-23 13:42:09 DEBUG Parsing data
2025-03-23 13:43:53 CRITICAL Data corruption occurred
2025-03-23 13:48:31 CRITICAL Kernel panic
2025-03-23 13:48:34 CRITICAL Kernel panic
2025-03-23 13:51:00 WARNING High CPU usage
2025-03-23 13:51:59 DEBUG Processing request
2025-03-23 13:52:59 DEBUG Checking network status
2025-03-23 13:57:33 INFO System started
2025-03-23 14:00:11 WARNING Memory usage high
2025-03-23 14:01:17 INFO Task completed
2025-03-23 14:06:16 DEBUG Checking network status
2025-03-23 14:07:51 INFO Connection established
2025-03-23 14:11:58 DEBUG Parsing data
2025-03-23 14:14:50 WARNING Slow response time
2025-03-23 14:15:24 WARNING Memory usage high
2025-03-23 14:17:35 DEBUG Checking network status
2025-03-23 14:19:53 ERROR Database connection failed
2025-03-23 14:23:15 INFO Task completed
2025-03-23 14:24:08 ERROR Failed to authenticate user
2025-03-23 14:26:51 DEBUG Loading configuration
2025-03-23 14:31:10 CRITICAL System crash detected
2025-03-23 14:34:44 CRITICAL Data corruption occurred
2025-03-23 14:36:26 CRITICAL Kernel panic
2025-03-23 14:39:46 CRITICAL System crash detected
2025-03-23 14:43:08 DEBUG Loading configuration
2025-03-23 14:47:18 DEBUG Checking network status
2025-03-23 14:47:35 CRITICAL System crash detected
2025-03-23 14:52:00 DEBUG Cache cleared
2025-03-23 14:56:45 CRITICAL Kernel panic
2025-03-23 14:57:53 DEBUG Checking network status
2025-03-23 14:59:13 ERROR Timeout occurred
2025-03-23 15:02:08 ERROR Failed to authenticate user
2025-03-23 15:04:40 INFO File uploaded
2025-03-23 15:09:26 INFO File uploaded
2025-03-23 15:11:40 INFO File uploaded
2025-03-23 15:14:13 INFO User logged in
2025-03-23 15:16:07 ERROR Database connection failed
2025-03-23 15:18:29 WARNING High CPU usage
2025-03-23 15:20:38 INFO User logged in
2025-03-23 15:23:15 DEBUG Parsing data
2025-03-23 15:27:54 CRITICAL System crash detected
2025-03-23 15:28:18 WARNING Memory usage high
2025-03-23 15:28:30 CRITICAL System crash detected
2025-03-23 15:29:50 WARNING Memory usage high
2025-03-23 15:30:35 WARNING Memory usage high
2025-03-23 15:32:56 INFO Task completed
2025-03-23 15:33:16 WARNING High CPU usage
2025-03-23 15:34:32 WARNING Disk read latency detected
2025-03-23 15:37:14 CRITICAL System crash detected
2025-03-23 15:38:00 INFO System started
2025-03-23 15:40:17 CRITICAL Hardware failure
2025-03-23 15:42:01 CRITICAL Data corruption occurred
2025-03-23 15:46:17 DEBUG Processing request
2025-03-23 15:46:54 CRITICAL Data corruption occurred
2025-03-23 15:47:12 DEBUG Parsing data
2025-03-23 15:51:08 DEBUG Parsing data
2025-03-23 15:54:51 INFO User logged in
2025-03-23 15:58:24 CRITICAL Kernel panic
2025-03-23 16:02:16 DEBUG Loading configuration
2025-03-23 16:06:12 INFO File uploaded
2025-03-23 16:10:49 WARNING Low disk space
2025-03-23 16:10:55 ERROR Failed to authenticate user
2025-03-23 16:11:56 INFO Task completed
2025-03-23 16:13:47 ERROR Timeout occurred
2025-03-23 16:15:21 ERROR Failed to authenticate user
2025-03-23 16:16:47 CRITICAL Security breach detected
2025-03-23 16:17:16 WARNING Slow response time
2025-03-23 16:19:59 DEBUG Processing request
2025-03-23 16:23:18 INFO File uploaded
2025-03-23 16:25:49 CRITICAL Security breach detected
2025-03-23 16:27:58 CRITICAL Security breach detected
2025-03-23 16:29:33 CRITICAL Hardware failure
2025-03-23 16:34:07 WARNING Disk read latency detected
2025-03-23 16:37:26 CRITICAL Hardware failure
2025-03-23 16:41:30 DEBUG Parsing data
2025-03-23 16:45:03 CRITICAL Kernel panic
2025-03-23 16:49:28 INFO User logged in
2025-03-23 16:50:26 DEBUG Processing request
2025-03-23 16:51:09 INFO File uploaded
2025-03-23 16:52:44 CRITICAL Security breach detected
2025-03-23 16:55:35 ERROR Database connection failed
2025-03-23 16:57:34 INFO Connection established
2025-03-23 17:02:09 CRITICAL Security breach detected
2025-03-23 17:05:49 ERROR Failed to authenticate user
2025-03-23 17:08:05 CRITICAL System crash detected
2025-03-23 17:10:39 ERROR File not found
2025-03-23 17:13:45 INFO Connection established
2025-03-23 17:15:15 ERROR Database connection failed
2025-03-23 17:16:12 DEBUG Parsing data
2025-03-23 17:18:02 DEBUG Loading configuration
2025-03-23 17:21:40 INFO File uploaded
2025-03-23 17:24:09 WARNING Slow response time
2025-03-23 17:24:54 WARNING Memory usage high
2025-03-23 17:26:04 ERROR Failed to authenticate user
2025-03-23 17:30:01 ERROR Memory leak detected
2025-03-23 17:30:49 WARNING Slow response time
2025-03-23 17:32:09 CRITICAL Security breach detected
2025-03-23 17:32:11 WARNING High CPU usage
2025-03-23 17:33:40 ERROR Database connection failed
2025-03-23 17:38:18 INFO File uploaded
2025-03-23 17:40:41 WARNING Memory usage high
2025-03-23 17:43:27 DEBUG Processing request
2025-03-23 17:43:28 CRITICAL Kernel panic
2025-03-23 17:43:57 ERROR Database connection failed
2025-03-23 17:44:22 INFO User logged in
2025-03-23 17:44:34 CRITICAL Security breach detected
2025-03-23 17:45:20 WARNING Disk read latency detected
2025-03-23 17:45:26 ERROR File not found
2025-03-23 17:46:24 INFO User logged in
2025-03-23 17:47:42 CRITICAL Data corruption occurred
2025-03-23 17:50:09 WARNING Slow response time
2025-03-23 17:52:57 ERROR Database connection failed
2025-03-23 17:54:43 ERROR Failed to authenticate user
2025-03-23 17:55:28 WARNING Slow response time
2025-03-23 17:57:09 ERROR File not found
2025-03-23 17:59:49 ERROR File not found
2025-03-23 18:03:49 INFO User logged in
2025-03-23 18:04:40 ERROR Database connection failed
2025-03-23 18:06:01 DEBUG Parsing data
2025-03-23 18:11:01 WARNING High CPU usage
2025-03-23 18:14:43 CRITICAL Security breach detected
2025-03-23 18:17:45 ERROR Timeout occurred
2025-03-23 18:18:05 CRITICAL System crash detected
2025-03-23 18:20:24 ERROR Timeout occurred
2025-03-23 18:25:14 CRITICAL System crash detected
2025-03-23 18:25:27 DEBUG Checking network status
2025-03-23 18:26:14 DEBUG Parsing data
2025-03-23 18:30:55 ERROR Database connection failed
2025-03-23 18:32:00 DEBUG Cache cleared
2025-03-23 18:36:16 DEBUG Checking network status
2025-03-23 18:38:49 CRITICAL Kernel panic
2025-03-23 18:38:50 DEBUG Cache cleared
2025-03-23 18:40:53 INFO System started
2025-03-23 18:41:30 WARNING Disk read latency detected
2025-03-23 18:44:04 ERROR Database connection failed
2025-03-23 18:45:11 DEBUG Parsing data
2025-03-23 18:46:23 INFO Connection established
2025-03-23 18:46:26 CRITICAL System crash detected
2025-03-23 18:49:17 ERROR Memory leak detected
2025-03-23 18:51:54 DEBUG Loading configuration
2025-03-23 18:53:08 INFO User logged in
2025-03-23 18:56:43 INFO System started
2025-03-23 18:57:51 DEBUG Cache cleared
2025-03-23 19:01:16 INFO Task completed
2025-03-23 19:02:32 ERROR Timeout occurred
2025-03-23 19:03:58 INFO Task completed
2025-03-23 19:07:37 CRITICAL Hardware failure
2025-03-23 19:07:48 ERROR Database connection failed
2025-03-23 19:10:54 INFO User logged in
2025-03-23 19:15:28 ERROR Memory leak detected
2025-03-23 19:16:52 INFO User logged in
2025-03-23 19:18:40 CRITICAL Hardware failure
2025-03-23 19:22:46 DEBUG Processing request
2025-03-23 19:25:50 INFO Connection established
2025-03-23 19:30:23 DEBUG Cache cleared
2025-03-23 19:31:18 DEBUG Parsing data
2025-03-23 19:34:53 INFO System started
2025-03-23 19:37:47 INFO File uploaded
2025-03-23 19:39:19 INFO Task completed
2025-03-23 19:41:46 DEBUG Processing request
2025-03-23 19:44:51 DEBUG Checking network status
2025-03-23 19:46:24 DEBUG Parsing data
2025-03-23 19:49:04 ERROR Database connection failed
2025-03-23 19:49:50 INFO System started
2025-03-23 19:53:14 CRITICAL Security breach detected
2025-03-23 19:54:27 INFO File uploaded
2025-03-23 19:54:28 ERROR Timeout occurred
2025-03-23 19:55:36 INFO User logged in
2025-03-23 19:57:43 WARNING Low disk space
2025-03-23 19:57:47 DEBUG Loading configuration
2025-03-23 19:57:57 INFO Connection established
2025-03-23 20:02:00 ERROR Failed to authenticate user
2025-03-23 20:02:21 WARNING Memory usage high
2025-03-23 20:02:55 WARNING Slow response time
2025-03-23 20:06:06 INFO Task completed
2025-03-23 20:10:40 CRITICAL Security breach detected
2025-03-23 20:12:45 CRITICAL Data corruption occurred
2025-03-23 20:13:55 CRITICAL Kernel panic
2025-03-23 20:14:48 CRITICAL Security breach detected
2025-03-23 20:16:16 WARNING High CPU usage
2025-03-23 20:20:39 CRITICAL Kernel panic
2025-03-23 20:24:58 CRITICAL Security breach detected
2025-03-23 20:25:24 WARNING Low disk space
2025-03-23 20:29:33 INFO File uploaded
2025-03-23 20:31:30 DEBUG Checking network status
2025-03-23 20:33:28 DEBUG Parsing data
2025-03-23 20:35:42 WARNING Low disk space
2025-03-23 20:38:56 ERROR File not found
2025-03-23 20:40:47 WARNING Slow response time
2025-03-23 20:42:24 WARNING Slow response time
2025-03-23 20:44:51 INFO System started
2025-03-23 20:45:09 INFO File uploaded
2025-03-23 20:45:59 CRITICAL Kernel panic
2025-03-23 20:46:14 ERROR Timeout occurred
2025-03-23 20:50:18 DEBUG Parsing data
2025-03-23 20:55:04 ERROR File not found
2025-03-23 20:58:36 INFO System started
2025-03-23 21:01:05 WARNING Disk read latency detected
2025-03-23 21:02:55 INFO User logged in
2025-03-23 21:05:39 INFO File uploaded
2025-03-23 21:08:25 WARNING High CPU usage
2025-03-23 21:08:40 ERROR Database connection failed
2025-03-23 21:09:18 INFO System started
2025-03-23 21:12:21 ERROR Failed to authenticate user
2025-03-23 21:15:20 DEBUG Cache cleared
2025-03-23 21:15:48 CRITICAL System crash detected
2025-03-23 21:17:45 DEBUG Processing request
2025-03-23 21:21:40 INFO Connection established
2025-03-23 21:24:46 ERROR Failed to authenticate user
2025-03-23 21:28:54 INFO System started
2025-03-23 21:30:01 DEBUG Processing request
2025-03-23 21:32:04 ERROR Memory leak detected
2025-03-23 21:33:44 DEBUG Parsing data
2025-03-23 21:35:00 CRITICAL Hardware failure
2025-03-23 21:38:56 DEBUG Processing request
2025-03-23 21:43:08 INFO Connection established
2025-03-23 21:46:45 DEBUG Parsing data
2025-03-23 21:50:34 DEBUG Cache cleared
2025-03-23 21:54:39 CRITICAL Security breach detected
2025-03-23 21:55:35 CRITICAL Hardware failure
2025-03-23 22:00:13 DEBUG Parsing data
2025-03-23 22:02:53 CRITICAL Hardware failure
2025-03-23 22:04:58 WARNING Low disk space
2025-03-23 22:08:32 WARNING Slow response time
2025-03-23 22:11:47 WARNING Disk read latency detected
2025-03-23 22:12:11 DEBUG Loading configuration
2025-03-23 22:14:43 ERROR Database connection failed
2025-03-23 22:17:01 DEBUG Processing request
2025-03-23 22:20:34 ERROR File not found
2025-03-23 22:21:34 WARNING Low disk space
2025-03-23 22:26:29 CRITICAL Security breach detected
2025-03-23 22:30:14 INFO User logged in
2025-03-23 22:33:16 ERROR Failed to authenticate user
2025-03-23 22:36:06 WARNING Slow response time
2025-03-23 22:38:25 CRITICAL System crash detected
2025-03-23 22:40:48 ERROR Memory leak detected
2025-03-23 22:42:43 WARNING High CPU usage
2025-03-23 22:44:32 WARNING Disk read latency detected
2025-03-23 22:47:26 ERROR Memory leak detected
2025-03-23 22:47:40 CRITICAL Data corruption occurred
2025-03-23 22:49:08 CRITICAL System crash detected
2025-03-23 22:52:26 ERROR File not found
2025-03-23 22:56:38 DEBUG Checking network status
2025-03-23 22:58:08 ERROR Failed to authenticate user
2025-03-23 23:02:00 INFO System started
2025-03-23 23:03:33 ERROR Memory leak detected
2025-03-23 23:06:46 ERROR Failed to authenticate user
2025-03-23 23:07:30 ERROR File not found
2025-03-23 23:10:29 CRITICAL Data corruption occurred
2025-03-23 23:13:35 ERROR Memory leak detected
2025-03-23 23:14:52 WARNING Low disk space
2025-03-23 23:18:14 WARNING Memory usage high
2025-03-23 23:20:13 INFO System started
2025-03-23 23:24:29 CRITICAL Hardware failure
2025-03-23 23:27:56 WARNING Slow response time
2025-03-23 23:28:48 INFO User logged in
2025-03-23 23:29:30 ERROR Failed to authenticate user
2025-03-23 23:31:59 INFO System started
2025-03-23 23:36:27 CRITICAL Kernel panic
2025-03-23 23:37:30 INFO Task completed
2025-03-23 23:38:34 CRITICAL Security breach detected
2025-03-23 23:39:09 CRITICAL Data corruption occurred
2025-03-23 23:44:00 CRITICAL Kernel panic
2025-03-23 23:45:25 CRITICAL Security breach detected
2025-03-23 23:47:46 CRITICAL Kernel panic
2025-03-23 23:51:28 INFO User logged in
2025-03-23 23:52:46 WARNING High CPU usage
2025-03-23 23:57:45 DEBUG Loading configuration
2025-03-24 00:00:20 DEBUG Loading configuration
2025-03-24 00:04:00 DEBUG Checking network status
2025-03-24 00:04:53 CRITICAL System crash detected
2025-03-24 00:08:40 INFO User logged in
2025-03-24 00:10:19 ERROR Failed to authenticate user
2025-03-24 00:12:26 DEBUG Checking network status
2025-03-24 00:12:39 CRITICAL Hardware failure
2025-03-24 00:13:19 CRITICAL System crash detected
2025-03-24 00:16:18 ERROR Failed to authenticate user
2025-03-24 00:18:22 WARNING Memory usage high
2025-03-24 00:20:40 DEBUG Parsing data
2025-03-24 00:22:40 DEBUG Cache cleared
2025-03-24 00:26:47 DEBUG Checking network status
2025-03-24 00:31:42 CRITICAL Security breach detected
2025-03-24 00:32:11 DEBUG Parsing data
2025-03-24 00:32:39 DEBUG Processing request
2025-03-24 00:36:11 INFO Task completed
2025-03-24 00:40:08 WARNING Memory usage high
2025-03-24 00:44:33 CRITICAL Hardware failure
2025-03-24 00:47:11 ERROR Database connection failed
2025-03-24 00:48:03 WARNING Slow response time
2025-03-24 00:52:00 INFO System started
2025-03-24 00:54:55 CRITICAL System crash detected
2025-03-24 00:55:45 WARNING Memory usage high
2025-03-24 00:58:19 WARNING Memory usage high
2025-03-24 01:01:18 CRITICAL System crash detected
2025-03-24 01:04:59 INFO Task completed
2025-03-24 01:09:24 WARNING Slow response time
2025-03-24 01:09:34 WARNING Disk read latency detected
2025-03-24 01:13:23 INFO Connection established
2025-03-24 01:17:31 WARNING Low disk space
2025-03-24 01:17:42 CRITICAL Security breach detected
2025-03-24 01:19:11 DEBUG Checking network status
2025-03-24 01:23:05 DEBUG Checking network status
2025-03-24 01:25:54 WARNING Disk read latency detected
2025-03-24 01:27:14 WARNING Disk read latency detected
2025-03-24 01:30:51 WARNING Disk read latency detected
2025-03-24 01:30:52 CRITICAL Security breach detected
2025-03-24 01:32:16 ERROR Failed to authenticate user
2025-03-24 01:33:24 DEBUG Loading configuration
2025-03-24 01:36:01 INFO Connection established
2025-03-24 01:37:12 INFO Connection established
2025-03-24 01:37:43 ERROR Failed to authenticate user
2025-03-24 01:40:19 DEBUG Cache cleared
2025-03-24 01:44:46 INFO File uploaded
2025-03-24 01:47:29 WARNING Memory usage high
2025-03-24 01:51:25 CRITICAL Hardware failure
2025-03-24 01:53:24 ERROR Timeout occurred
2025-03-24 01:56:40 CRITICAL Security breach detected
2025-03-24 02:00:38 DEBUG Parsing data
2025-03-24 02:03:33 CRITICAL Data corruption occurred
2025-03-24 02:05:34 CRITICAL Security breach detected
2025-03-24 02:10:32 INFO Task completed
2025-03-24 02:11:21 INFO Connection established
2025-03-24 02:13:46 INFO User logged in
2025-03-24 02:16:43 DEBUG Loading configuration
2025-03-24 02:17:12 INFO User logged in
2025-03-24 02:21:19 INFO User logged in
2025-03-24 02:24:35 DEBUG Parsing data
2025-03-24 02:25:03 CRITICAL Data corruption occurred
2025-03-24 02:25:35 WARNING High CPU usage
2025-03-24 02:30:28 CRITICAL Security breach detected
2025-03-24 02:31:49 WARNING Disk read latency detected
2025-03-24 02:35:22 INFO File uploaded
2025-03-24 02:38:39 DEBUG Parsing data
2025-03-24 02:43:28 ERROR File not found
2025-03-24 02:48:01 CRITICAL System crash detected
2025-03-24 02:51:51 INFO User logged in
2025-03-24 02:52:05 CRITICAL System crash detected
2025-03-24 02:52:46 CRITICAL Security breach detected
2025-03-24 02:57:28 DEBUG Parsing data
2025-03-24 02:58:47 WARNING Slow response time
2025-03-24 03:00:09 CRITICAL Kernel panic
2025-03-24 03:04:17 WARNING Low disk space
2025-03-24 03:06:30 ERROR Timeout occurred
2025-03-24 03:09:52 DEBUG Cache cleared
2025-03-24 03:11:37 DEBUG Processing request
2025-03-24 03:12:06 WARNING Low disk space
2025-03-24 03:13:18 WARNING Memory usage high
2025-03-24 03:13:19 ERROR Memory leak detected
2025-03-24 03:15:47 INFO Task completed
2025-03-24 03:17:52 ERROR Failed to authenticate user
2025-03-24 03:20:41 INFO Task completed
2025-03-24 03:24:59 WARNING High CPU usage
2025-03-24 03:27:10 CRITICAL Security breach detected
2025-03-24 03:28:35 ERROR File not found
2025-03-24 03:32:42 DEBUG Cache cleared
2025-03-24 03:33:07 CRITICAL Hardware failure
2025-03-24 03:37:03 INFO File uploaded
2025-03-24 03:40:27 ERROR Failed to authenticate user
2025-03-24 03:43:10 WARNING Memory usage high
2025-03-24 03:47:11 CRITICAL Security breach detected
2025-03-24 03:51:51 ERROR Timeout occurred
2025-03-24 03:52:33 INFO File uploaded
2025-03-24 03:53:53 WARNING High CPU usage
2025-03-24 03:58:03 WARNING High CPU usage
2025-03-24 04:02:08 DEBUG Cache cleared
2025-03-24 04:05:59 INFO System started
2025-03-24 04:07:12 WARNING Low disk space
2025-03-24 04:09:07 ERROR File not found
2025-03-24 04:10:31 INFO System started
2025-03-24 04:12:56 DEBUG Checking network status
2025-03-24 04:16:55 INFO File uploaded
2025-03-24 04:17:39 CRITICAL Security breach detected
2025-03-24 04:19:51 CRITICAL Kernel panic
2025-03-24 04:20:29 INFO User logged in
2025-03-24 04:23:20 INFO Connection established
2025-03-24 04:24:43 INFO Task completed
2025-03-24 04:27:55 CRITICAL Hardware failure
2025-03-24 04:28:26 CRITICAL Data corruption occurred
2025-03-24 04:32:15 INFO User logged in
2025-03-24 04:34:39 CRITICAL Kernel panic
2025-03-24 04:36:44 DEBUG Processing request
2025-03-24 04:39:52 DEBUG Cache cleared
2025-03-24 04:42:18 DEBUG Parsing data
2025-03-24 04:43:30 INFO Task completed
2025-03-24 04:43:41 CRITICAL Security breach detected
2025-03-24 04:47:27 WARNING Disk read latency detected
2025-03-24 04:49:32 DEBUG Parsing data
2025-03-24 04:52:00 CRITICAL System crash detected
2025-03-24 04:52:28 ERROR Failed to authenticate user
2025-03-24 04:52:33 DEBUG Loading configuration
2025-03-24 04:52:58 CRITICAL Security breach detected
2025-03-24 04:52:59 DEBUG Loading configuration
2025-03-24 04:55:04 WARNING Slow response time
2025-03-24 05:00:01 INFO User logged in
2025-03-24 05:03:08 CRITICAL Hardware failure
2025-03-24 05:06:13 WARNING High CPU usage
2025-03-24 05:07:28 INFO File uploaded
2025-03-24 05:12:15 CRITICAL Kernel panic
2025-03-24 05:15:32 CRITICAL System crash detected
2025-03-24 05:18:58 INFO Connection established
2025-03-24 05:22:34 INFO Task completed
2025-03-24 05:26:00 WARNING High CPU usage
2025-03-24 05:26:39 ERROR Memory leak detected
2025-03-24 05:27:48 ERROR Timeout occurred
2025-03-24 05:31:18 DEBUG Processing request
2025-03-24 05:36:10 DEBUG Parsing data
2025-03-24 05:37:08 INFO Connection established
2025-03-24 05:41:55 DEBUG Checking network status
2025-03-24 05:42:26 DEBUG Loading configuration
2025-03-24 05:46:35 DEBUG Checking network status
2025-03-24 05:49:44 WARNING Memory usage high
2025-03-24 05:49:56 INFO Connection established
2025-03-24 05:52:54 ERROR File not found
2025-03-24 05:54:07 INFO File uploaded
2025-03-24 05:57:26 CRITICAL System crash detected
2025-03-24 05:57:57 WARNING High CPU usage
2025-03-24 05:58:40 WARNING High CPU usage
2025-03-24 06:01:56 DEBUG Loading configuration
2025-03-24 06:03:47 WARNING Low disk space
2025-03-24 06:04:27 ERROR File not found
2025-03-24 06:09:16 INFO User logged in
2025-03-24 06:09:58 ERROR Timeout occurred
2025-03-24 06:10:47 ERROR Memory leak detected
2025-03-24 06:10:57 ERROR File not found
2025-03-24 06:11:45 INFO User logged in
2025-03-24 06:13:35 INFO Task completed
2025-03-24 06:14:07 WARNING Memory usage high
2025-03-24 06:17:16 DEBUG Processing request
2025-03-24 06:21:40 CRITICAL System crash detected
2025-03-24 06:26:40 ERROR File not found
2025-03-24 06:28:28 INFO Connection established
2025-03-24 06:30:16 WARNING Memory usage high
2025-03-24 06:32:48 CRITICAL Kernel panic
2025-03-24 06:37:18 INFO Task completed
2025-03-24 06:41:35 DEBUG Loading configuration
2025-03-24 06:42:03 INFO System started
2025-03-24 06:45:51 INFO Connection established
2025-03-24 06:48:46 DEBUG Checking network status
2025-03-24 06:52:06 DEBUG Cache cleared
2025-03-24 06:52:13 INFO User logged in
2025-03-24 06:54:44 DEBUG Cache cleared
2025-03-24 06:54:59 WARNING Memory usage high
2025-03-24 06:56:55 CRITICAL Hardware failure
2025-03-24 07:00:28 INFO Connection established
2025-03-24 07:04:45 INFO System started
2025-03-24 07:09:42 WARNING Disk read latency detected
2025-03-24 07:11:09 WARNING Slow response time
2025-03-24 07:14:38 CRITICAL Kernel panic
2025-03-24 07:16:28 WARNING Disk read latency detected
2025-03-24 07:21:09 INFO User logged in
2025-03-24 07:24:22 DEBUG Processing request
2025-03-24 07:27:52 INFO System started
2025-03-24 07:29:31 ERROR Timeout occurred
2025-03-24 07:30:37 ERROR Memory leak detected
2025-03-24 07:35:34 DEBUG Checking network status
2025-03-24 07:36:05 CRITICAL Hardware failure
2025-03-24 07:37:51 WARNING Disk read latency detected
2025-03-24 07:38:27 DEBUG Processing request
2025-03-24 07:40:45 INFO User logged in
2025-03-24 07:44:49 ERROR Timeout occurred
2025-03-24 07:48:39 ERROR Database connection failed
2025-03-24 07:50:08 INFO Connection established
2025-03-24 07:51:39 INFO User logged in
2025-03-24 07:55:22 ERROR File not found
2025-03-24 07:56:24 ERROR Database connection failed
2025-03-24 08:01:01 ERROR File not found
2025-03-24 08:04:50 ERROR Memory leak detected
2025-03-24 08:08:56 WARNING Low disk space
2025-03-24 08:13:46 INFO Task completed
2025-03-24 08:16:01 INFO File uploaded
2025-03-24 08:18:16 WARNING Memory usage high
2025-03-24 08:22:36 ERROR Failed to authenticate user
2025-03-24 08:25:10 INFO System started
2025-03-24 08:27:38 DEBUG Checking network status
2025-03-24 08:32:12 CRITICAL Kernel panic
2025-03-24 08:34:20 CRITICAL Hardware failure
2025-03-24 08:36:44 ERROR Failed to authenticate user
2025-03-24 08:37:48 WARNING Memory usage high
2025-03-24 08:42:48 INFO File uploaded
2025-03-24 08:46:15 CRITICAL Kernel panic
2025-03-24 08:50:09 DEBUG Loading configuration
2025-03-24 08:54:35 WARNING High CPU usage
2025-03-24 08:54:57 CRITICAL Security breach detected
2025-03-24 08:57:19 WARNING Disk read latency detected
2025-03-24 08:57:20 CRITICAL Kernel panic
2025-03-24 09:00:50 ERROR Timeout occurred
2025-03-24 09:01:32 ERROR Failed to authenticate user
2025-03-24 09:01:47 WARNING High CPU usage
2025-03-24 09:05:07 INFO File uploaded
2025-03-24 09:08:57 WARNING Disk read latency detected
2025-03-24 09:13:42 WARNING Disk read latency detected
2025-03-24 09:18:13 ERROR Timeout occurred
2025-03-24 09:22:22 INFO User logged in
2025-03-24 09:26:17 ERROR Memory leak detected
2025-03-24 09:26:38 CRITICAL Security breach detected
2025-03-24 09:29:51 ERROR File not found
2025-03-24 09:32:09 DEBUG Cache cleared
2025-03-24 09:36:00 ERROR Failed to authenticate user
2025-03-24 09:39:04 DEBUG Loading configuration
2025-03-24 09:39:54 WARNING Low disk space
2025-03-24 09:44:36 WARNING High CPU usage
2025-03-24 09:47:14 WARNING Memory usage high
2025-03-24 09:47:20 CRITICAL Kernel panic
2025-03-24 09:50:14 INFO System started
2025-03-24 09:51:32 CRITICAL System crash detected
2025-03-24 09:56:17 INFO File uploaded
2025-03-24 09:59:48 CRITICAL Data corruption occurred
2025-03-24 10:03:46 INFO Connection established
2025-03-24 10:08:14 INFO System started
2025-03-24 10:11:11 INFO Task completed
2025-03-24 10:11:52 INFO File uploaded
2025-03-24 10:16:18 DEBUG Cache cleared
2025-03-24 10:17:20 CRITICAL Hardware failure
2025-03-24 10:18:02 DEBUG Parsing data
2025-03-24 10:19:28 CRITICAL Hardware failure
2025-03-24 10:22:16 ERROR Database connection failed
2025-03-24 10:22:31 CRITICAL Data corruption occurred
2025-03-24 10:26:26 WARNING Memory usage high
2025-03-24 10:29:33 CRITICAL Security breach detected
2025-03-24 10:32:15 ERROR Database connection failed
2025-03-24 10:35:47 WARNING High CPU usage
2025-03-24 10:38:08 ERROR Timeout occurred
2025-03-24 10:40:45 CRITICAL Hardware failure
2025-03-24 10:42:46 WARNING High CPU usage
2025-03-24 10:43:08 WARNING Disk read latency detected
2025-03-24 10:47:47 WARNING Low disk space
2025-03-24 10:48:17 WARNING Disk read latency detected
2025-03-24 10:49:48 DEBUG Cache cleared
2025-03-24 10:51:13 INFO System started
2025-03-24 10:53:46 ERROR Memory leak detected
2025-03-24 10:57:18 DEBUG Cache cleared
2025-03-24 11:01:00 WARNING Memory usage high
2025-03-24 11:04:44 CRITICAL System crash detected
2025-03-24 11:08:49 DEBUG Parsing data
2025-03-24 11:09:09 DEBUG Cache cleared
2025-03-24 11:13:33 ERROR File not found
2025-03-24 11:17:47 ERROR Memory leak detected
2025-03-24 11:19:16 ERROR Failed to authenticate user
2025-03-24 11:23:11 CRITICAL Kernel panic
2025-03-24 11:24:19 INFO File uploaded
2025-03-24 11:24:56 CRITICAL Data corruption occurred
2025-03-24 11:28:47 INFO System started
2025-03-24 11:32:55 ERROR Memory leak detected
2025-03-24 11:34:05 CRITICAL Security breach detected
2025-03-24 11:35:25 ERROR Timeout occurred
2025-03-24 11:38:19 INFO Connection established
2025-03-24 11:42:53 DEBUG Checking network status
2025-03-24 11:47:05 INFO User logged in
2025-03-24 11:48:58 INFO User logged in
2025-03-24 11:51:21 INFO File uploaded
2025-03-24 11:54:55 CRITICAL Data corruption occurred
2025-03-24 11:55:56 DEBUG Checking network status
2025-03-24 11:57:15 ERROR Memory leak detected
2025-03-24 12:01:23 WARNING Low disk space
2025-03-24 12:04:17 WARNING Low disk space
2025-03-24 12:08:09 ERROR Timeout occurred
2025-03-24 12:09:03 ERROR Timeout occurred
2025-03-24 12:11:26 INFO Task completed
2025-03-24 12:11:39 INFO User logged in
2025-03-24 12:13:06 ERROR Failed to authenticate user
2025-03-24 12:17:32 INFO Task completed
2025-03-24 12:19:29 WARNING Slow response time
2025-03-24 12:24:08 CRITICAL Hardware failure
2025-03-24 12:27:07 CRITICAL System crash detected
2025-03-24 12:28:02 ERROR File not found
2025-03-24 12:28:36 WARNING High CPU usage
2025-03-24 12:32:50 DEBUG Processing request
2025-03-24 12:33:48 WARNING Low disk space
2025-03-24 12:35:17 WARNING Low disk space
2025-03-24 12:39:06 WARNING High CPU usage
2025-03-24 12:40:32 ERROR Database connection failed
2025-03-24 12:44:53 CRITICAL System crash detected
2025-03-24 12:45:41 CRITICAL Data corruption occurred
2025-03-24 12:47:21 DEBUG Processing request
2025-03-24 12:49:06 WARNING High CPU usage
2025-03-24 12:49:23 CRITICAL Kernel panic
2025-03-24 12:50:30 WARNING Disk read latency detected
2025-03-24 12:52:50 INFO Connection established
2025-03-24 12:53:08 DEBUG Parsing data
2025-03-24 12:57:21 DEBUG Parsing data
2025-03-24 12:57:52 CRITICAL System crash detected
2025-03-24 12:58:08 ERROR Database connection failed
2025-03-24 12:58:40 DEBUG Processing request
2025-03-24 12:58:49 INFO System started
2025-03-24 13:00:05 INFO User logged in
2025-03-24 13:03:14 ERROR Database connection failed
2025-03-24 13:03:38 CRITICAL Data corruption occurred
2025-03-24 13:06:32 WARNING Disk read latency detected
2025-03-24 13:09:21 INFO Task completed
2025-03-24 13:13:52 DEBUG Parsing data
2025-03-24 13:17:29 DEBUG Loading configuration
2025-03-24 13:19:36 DEBUG Processing request
2025-03-24 13:21:39 ERROR Database connection failed
2025-03-24 13:26:31 INFO Connection established
2025-03-24 13:31:14 INFO User logged in
2025-03-24 13:32:37 ERROR File not found
2025-03-24 13:36:16 WARNING Low disk space
2025-03-24 13:37:10 INFO Connection established
2025-03-24 13:37:43 ERROR Failed to authenticate user
2025-03-24 13:40:01 CRITICAL Kernel panic
2025-03-24 13:42:00 INFO Task completed
2025-03-24 13:43:06 INFO User logged in
2025-03-24 13:44:07 DEBUG Parsing data
2025-03-24 13:46:06 ERROR Timeout occurred
2025-03-24 13:50:54 CRITICAL Security breach detected
2025-03-24 13:54:25 WARNING Slow response time
2025-03-24 13:58:19 INFO Connection established
2025-03-24 14:01:47 ERROR Memory leak detected
2025-03-24 14:05:56 INFO User logged in
2025-03-24 14:09:58 ERROR Database connection failed
2025-03-24 14:12:34 WARNING Memory usage high
2025-03-24 14:13:39 INFO System started
2025-03-24 14:16:41 ERROR Memory leak detected
2025-03-24 14:19:24 INFO System started
2025-03-24 14:24:00 CRITICAL Data corruption occurred
2025-03-24 14:25:00 CRITICAL Data corruption occurred
2025-03-24 14:25:29 INFO File uploaded
2025-03-24 14:26:35 CRITICAL System crash detected
2025-03-24 14:30:36 INFO File uploaded
2025-03-24 14:30:44 DEBUG Checking network status
2025-03-24 14:32:33 CRITICAL Hardware failure
2025-03-24 14:33:42 ERROR File not found
2025-03-24 14:36:05 CRITICAL Security breach detected
2025-03-24 14:36:32 CRITICAL Data corruption occurred
2025-03-24 14:39:05 ERROR Timeout occurred
2025-03-24 14:39:26 ERROR Timeout occurred
2025-03-24 14:41:05 WARNING Low disk space
2025-03-24 14:45:09 DEBUG Checking network status
2025-03-24 14:46:08 INFO User logged in
2025-03-24 14:50:19 ERROR Failed to authenticate user
2025-03-24 14:51:58 ERROR Database connection failed
2025-03-24 14:53:12 INFO Connection established
2025-03-24 14:55:06 CRITICAL Hardware failure
2025-03-24 14:57:05 DEBUG Cache cleared
2025-03-24 14:59:25 INFO User logged in
2025-03-24 15:01:20 INFO Task completed
2025-03-24 15:02:42 ERROR File not found
2025-03-24 15:05:52 INFO User logged in
2025-03-24 15:08:52 INFO Task completed
2025-03-24 15:10:56 INFO Task completed
2025-03-24 15:11:29 INFO Task completed
2025-03-24 15:11:48 INFO System started
2025-03-24 15:13:37 WARNING Slow response time
2025-03-24 15:16:42 DEBUG Checking network status
2025-03-24 15:18:06 WARNING Slow response time
2025-03-24 15:21:09 WARNING High CPU usage
2025-03-24 15:22:59 ERROR Failed to authenticate user
2025-03-24 15:27:43 WARNING Slow response time
2025-03-24 15:28:48 INFO Task completed
2025-03-24 15:33:39 INFO System started
2025-03-24 15:36:24 WARNING Disk read latency detected
2025-03-24 15:37:54 DEBUG Processing request
2025-03-24 15:40:35 ERROR File not found
2025-03-24 15:41:25 DEBUG Loading configuration
2025-03-24 15:45:04 INFO File uploaded
2025-03-24 15:45:27 ERROR Database connection failed
2025-03-24 15:46:39 ERROR Failed to authenticate user
2025-03-24 15:47:53 WARNING Memory usage high
2025-03-24 15:50:31 DEBUG Processing request
2025-03-24 15:52:58 INFO Task completed
2025-03-24 15:57:32 CRITICAL Data corruption occurred
2025-03-24 15:59:02 WARNING Low disk space
2025-03-24 16:01:27 CRITICAL System crash detected
2025-03-24 16:05:08 CRITICAL Security breach detected
2025-03-24 16:05:15 CRITICAL Hardware failure
2025-03-24 16:08:37 ERROR Failed to authenticate user
2025-03-24 16:09:23 INFO Connection established
2025-03-24 16:10:13 INFO User logged in
2025-03-24 16:10:37 ERROR File not found
2025-03-24 16:13:58 ERROR Timeout occurred
2025-03-24 16:18:23 DEBUG Loading configuration
2025-03-24 16:19:18 ERROR File not found
2025-03-24 16:21:36 INFO Connection established
2025-03-24 16:24:37 INFO System started
2025-03-24 16:28:49 DEBUG Loading configuration
2025-03-24 16:29:57 ERROR Database connection failed
2025-03-24 16:32:04 INFO User logged in
2025-03-24 16:33:24 DEBUG Parsing data
2025-03-24 16:35:05 WARNING Slow response time
2025-03-24 16:38:37 INFO System started
2025-03-24 16:41:57 INFO System started
2025-03-24 16:44:55 WARNING Disk read latency detected
2025-03-24 16:49:50 WARNING High CPU usage
2025-03-24 16:53:36 INFO System started
2025-03-24 16:53:53 DEBUG Checking network status
2025-03-24 16:57:47 CRITICAL Security breach detected
2025-03-24 17:00:10 ERROR Memory leak detected
2025-03-24 17:03:29 DEBUG Checking network status
2025-03-24 17:06:31 CRITICAL Hardware failure
2025-03-24 17:07:55 DEBUG Parsing data
2025-03-24 17:09:47 WARNING Disk read latency detected
2025-03-24 17:10:02 DEBUG Processing request
2025-03-24 17:11:44 DEBUG Parsing data
2025-03-24 17:16:40 INFO Connection established
2025-03-24 17:16:59 CRITICAL Kernel panic
2025-03-24 17:17:33 INFO Connection established
2025-03-24 17:20:41 CRITICAL Security breach detected
2025-03-24 17:21:27 CRITICAL Security breach detected
2025-03-24 17:24:08 ERROR Memory leak detected
2025-03-24 17:25:59 CRITICAL Kernel panic
2025-03-24 17:30:31 WARNING Memory usage high
2025-03-24 17:31:09 DEBUG Checking network status
2025-03-24 17:34:59 WARNING Memory usage high
2025-03-24 17:36:59 ERROR Failed to authenticate user
2025-03-24 17:37:37 INFO System started
2025-03-24 17:40:32 WARNING Low disk space
2025-03-24 17:41:30 ERROR Memory leak detected
2025-03-24 17:46:05 DEBUG Loading configuration
2025-03-24 17:47:33 INFO User logged in
2025-03-24 17:52:13 CRITICAL Hardware failure
2025-03-24 17:54:15 DEBUG Checking network status
2025-03-24 17:55:44 DEBUG Loading configuration
2025-03-24 18:00:26 CRITICAL Data corruption occurred
2025-03-24 18:00:41 WARNING Slow response time
2025-03-24 18:00:52 WARNING Low disk space
2025-03-24 18:02:00 WARNING Low disk space
2025-03-24 18:06:18 WARNING High CPU usage
2025-03-24 18:07:25 DEBUG Parsing data
2025-03-24 18:11:05 ERROR Failed to authenticate user
2025-03-24 18:11:49 ERROR Failed to authenticate user
2025-03-24 18:15:29 ERROR Memory leak detected
2025-03-24 18:16:23 DEBUG Checking network status
2025-03-24 18:19:28 ERROR Memory leak detected
2025-03-24 18:23:30 INFO User logged in
2025-03-24 18:27:55 WARNING Low disk space
2025-03-24 18:30:12 WARNING High CPU usage
2025-03-24 18:32:05 DEBUG Loading configuration
2025-03-24 18:37:04 INFO System started
2025-03-24 18:37:07 INFO Connection established
2025-03-24 18:37:58 DEBUG Parsing data
2025-03-24 18:42:47 CRITICAL Hardware failure
2025-03-24 18:45:17 ERROR Failed to authenticate user
2025-03-24 18:47:40 INFO System started
2025-03-24 18:52:01 ERROR Database connection failed
2025-03-24 18:55:47 ERROR Database connection failed
2025-03-24 18:57:03 DEBUG Parsing data
2025-03-24 18:57:44 CRITICAL System crash detected
2025-03-24 18:58:16 ERROR File not found
2025-03-24 19:00:30 WARNING Memory usage high
2025-03-24 19:05:07 WARNING High CPU usage
2025-03-24 19:08:03 DEBUG Cache cleared
2025-03-24 19:08:14 WARNING High CPU usage
2025-03-24 19:12:03 WARNING Low disk space
2025-03-24 19:13:17 ERROR Failed to authenticate user
2025-03-24 19:17:15 CRITICAL Hardware failure
2025-03-24 19:22:15 DEBUG Cache cleared
2025-03-24 19:24:57 ERROR Failed to authenticate user
2025-03-24 19:26:34 INFO User logged in
2025-03-24 19:27:57 INFO File uploaded
2025-03-24 19:32:41 CRITICAL System crash detected
2025-03-24 19:35:38 CRITICAL Data corruption occurred
2025-03-24 19:36:12 DEBUG Loading configuration
2025-03-24 19:36:26 ERROR Database connection failed
2025-03-24 19:37:33 CRITICAL Data corruption occurred
2025-03-24 19:42:02 DEBUG Processing request
2025-03-24 19:44:42 DEBUG Loading configuration
2025-03-24 19:48:39 ERROR Timeout occurred
2025-03-24 19:53:26 CRITICAL System crash detected
2025-03-24 19:55:55 DEBUG Checking network status
2025-03-24 19:56:45 DEBUG Cache cleared
2025-03-24 19:58:36 CRITICAL Hardware failure
2025-03-24 20:02:48 WARNING Memory usage high
2025-03-24 20:05:24 WARNING Slow response time
2025-03-24 20:09:34 DEBUG Parsing data
2025-03-24 20:12:04 INFO Connection established
2025-03-24 20:14:50 ERROR Timeout occurred
2025-03-24 20:17:51 CRITICAL Kernel panic
2025-03-24 20:21:02 ERROR Database connection failed
2025-03-24 20:21:37 INFO User logged in
2025-03-24 20:25:28 WARNING Disk read latency detected
2025-03-24 20:29:42 DEBUG Loading configuration
2025-03-24 20:34:03 ERROR Memory leak detected
2025-03-24 20:34:19 ERROR Database connection failed
2025-03-24 20:36:39 DEBUG Cache cleared
2025-03-24 20:37:28 DEBUG Loading configuration
2025-03-24 20:40:09 INFO File uploaded
2025-03-24 20:44:44 WARNING Memory usage high
2025-03-24 20:45:47 ERROR Timeout occurred
2025-03-24 20:48:22 INFO Connection established
2025-03-24 20:49:45 ERROR Database connection failed
2025-03-24 20:53:04 WARNING Disk read latency detected
2025-03-24 20:58:01 ERROR Failed to authenticate user
2025-03-24 21:01:08 ERROR Memory leak detected
2025-03-24 21:05:32 ERROR Timeout occurred
2025-03-24 21:06:31 DEBUG Cache cleared
2025-03-24 21:09:03 DEBUG Parsing data
2025-03-24 21:12:35 CRITICAL Security breach detected
2025-03-24 21:15:59 WARNING Disk read latency detected
2025-03-24 21:19:20 ERROR Failed to authenticate user
2025-03-24 21:22:58 DEBUG Parsing data
2025-03-24 21:24:50 CRITICAL Security breach detected
2025-03-24 21:29:12 WARNING Low disk space
2025-03-24 21:30:11 WARNING High CPU usage
2025-03-24 21:34:50 INFO Connection established
2025-03-24 21:37:08 ERROR File not found
2025-03-24 21:38:39 WARNING Memory usage high
2025-03-24 21:41:43 INFO File uploaded
2025-03-24 21:42:38 ERROR Timeout occurred
2025-03-24 21:46:12 CRITICAL Kernel panic
2025-03-24 21:51:09 CRITICAL Hardware failure
2025-03-24 21:55:02 CRITICAL Data corruption occurred
2025-03-24 21:58:49 WARNING Slow response time
2025-03-24 22:01:21 INFO File uploaded
2025-03-24 22:05:41 DEBUG Checking network status
2025-03-24 22:08:08 ERROR Failed to authenticate user
2025-03-24 22:08:27 INFO Task completed
2025-03-24 22:10:02 DEBUG Checking network status
2025-03-24 22:10:47 ERROR Failed to authenticate user
2025-03-24 22:13:23 CRITICAL Security breach detected
2025-03-24 22:17:24 INFO File uploaded
2025-03-24 22:18:11 INFO User logged in
2025-03-24 22:21:18 DEBUG Loading configuration
2025-03-24 22:22:34 ERROR Memory leak detected
2025-03-24 22:25:33 DEBUG Checking network status
2025-03-24 22:29:02 WARNING Memory usage high
2025-03-24 22:30:23 INFO Connection established
2025-03-24 22:31:08 WARNING Low disk space
2025-03-24 22:31:53 ERROR Database connection failed
2025-03-24 22:34:23 WARNING Slow response time
2025-03-24 22:37:10 INFO System started
2025-03-24 22:39:41 INFO Connection established
2025-03-24 22:40:10 ERROR Memory leak detected
2025-03-24 22:43:24 WARNING Disk read latency detected
2025-03-24 22:47:17 WARNING Memory usage high
2025-03-24 22:50:04 DEBUG Checking network status
2025-03-24 22:53:58 WARNING High CPU usage
2025-03-24 22:57:21 CRITICAL Security breach detected
2025-03-24 22:57:37 WARNING Disk read latency detected
2025-03-24 22:58:17 INFO System started
2025-03-24 23:01:32 DEBUG Processing request
2025-03-24 23:05:34 INFO File uploaded
2025-03-24 23:10:12 CRITICAL System crash detected
2025-03-24 23:12:47 DEBUG Loading configuration
2025-03-24 23:16:43 WARNING High CPU usage
2025-03-24 23:20:52 WARNING Low disk space
2025-03-24 23:21:45 ERROR Database connection failed
2025-03-24 23:23:49 CRITICAL Kernel panic
2025-03-24 23:23:56 ERROR Failed to authenticate user
2025-03-24 23:25:08 DEBUG Parsing data
2025-03-24 23:25:32 DEBUG Checking network status
2025-03-24 23:29:09 WARNING Disk read latency detected
2025-03-24 23:33:14 WARNING Disk read latency detected
2025-03-24 23:34:40 CRITICAL System crash detected
2025-03-24 23:38:59 INFO Task completed
2025-03-24 23:42:10 ERROR Timeout occurred
2025-03-24 23:42:41 ERROR Database connection failed
2025-03-24 23:43:58 WARNING Memory usage high
2025-03-24 23:48:40 WARNING Memory usage high
2025-03-24 23:52:55 DEBUG Parsing data
2025-03-24 23:57:24 INFO File uploaded
2025-03-25 00:01:48 CRITICAL System crash detected
2025-03-25 00:06:39 CRITICAL Hardware failure
2025-03-25 00:09:59 ERROR File not found
2025-03-25 00:13:09 CRITICAL Kernel panic
2025-03-25 00:16:19 INFO Connection established
2025-03-25 00:18:10 ERROR Failed to authenticate user
2025-03-25 00:18:21 ERROR Memory leak detected
2025-03-25 00:20:52 ERROR Failed to authenticate user
2025-03-25 00:21:14 DEBUG Loading configuration
2025-03-25 00:21:27 WARNING Slow response time
2025-03-25 00:22:40 ERROR Timeout occurred
2025-03-25 00:26:46 INFO User logged in
2025-03-25 00:27:43 INFO Connection established
2025-03-25 00:31:16 WARNING Low disk space
2025-03-25 00:32:15 CRITICAL Security breach detected
2025-03-25 00:33:59 ERROR Failed to authenticate user
2025-03-25 00:37:40 ERROR Database connection failed
2025-03-25 00:39:36 WARNING Slow response time
2025-03-25 00:41:08 DEBUG Cache cleared
2025-03-25 00:45:53 WARNING Memory usage high
2025-03-25 00:47:45 DEBUG Parsing data
2025-03-25 00:51:14 WARNING Memory usage high
2025-03-25 00:51:43 DEBUG Checking network status
2025-03-25 00:53:06 ERROR File not found
2025-03-25 00:57:37 DEBUG Checking network status
2025-03-25 01:00:20 WARNING High CPU usage
2025-03-25 01:00:31 INFO Connection established
2025-03-25 01:01:47 DEBUG Checking network status
2025-03-25 01:03:42 ERROR Database connection failed
2025-03-25 01:05:52 INFO File uploaded
2025-03-25 01:08:28 INFO System started
2025-03-25 01:10:02 ERROR Timeout occurred
2025-03-25 01:13:00 WARNING Slow response time
2025-03-25 01:13:12 CRITICAL Kernel panic
2025-03-25 01:14:57 ERROR Database connection failed
2025-03-25 01:15:05 WARNING Slow response time
2025-03-25 01:17:46 INFO Connection established
2025-03-25 01:21:11 ERROR Memory leak detected
2025-03-25 01:24:15 CRITICAL Hardware failure
2025-03-25 01:29:10 DEBUG Parsing data
2025-03-25 01:29:42 CRITICAL Security breach detected
2025-03-25 01:34:37 INFO Task completed
2025-03-25 01:37:38 INFO Task completed
2025-03-25 01:40:20 DEBUG Processing request
2025-03-25 01:42:59 DEBUG Parsing data
2025-03-25 01:46:03 CRITICAL Data corruption occurred